<?xml version="1.0" encoding="UTF-8"?>
<!-- Generated by org.testng.reporters.JUnitXMLReporter -->
<testsuite hostname="LAPTOP-P9U8PG08" ignored="0" name="LoginRunner" tests="1" failures="1" timestamp="25 May 2019 06:36:24 GMT" time="11.82" errors="0">
  <testcase name="feature" time="5.146" classname="cucumber.api.testng.AbstractTestNGCucumberTests">
    <failure type="cucumber.runtime.CucumberException" message="java.lang.NullPointerException">
      <![CDATA[cucumber.runtime.CucumberException: java.lang.NullPointerException
at cucumber.api.testng.TestNGCucumberRunner.runCucumber(TestNGCucumberRunner.java:69)
at cucumber.api.testng.AbstractTestNGCucumberTests.feature(AbstractTestNGCucumberTests.java:21)
Caused by: java.lang.NullPointerException
at com.cucumber.framework.stepdefinition.newtour.aktreasi.open_the_valid_url_in_Aktrea_application(aktreasi.java:27)
at ✽.Given open the valid url in Aktrea application(featurefile/newtours/aktreasign.feature:6)
... Removed 25 stack frames]]>
    </failure>
  </testcase> <!-- feature -->
</testsuite> <!-- LoginRunner -->
