<?xml version="1.0" encoding="UTF-8"?>
<!-- Generated by org.testng.reporters.JUnitXMLReporter -->
<testsuite hostname="LAPTOP-P9U8PG08" name="LoginRunner" tests="1" failures="1" timestamp="23 May 2019 08:35:31 GMT" time="358.222" errors="0">
  <testcase name="feature" time="356.24" classname="com.cucumber.framework.runner.newtour.aktreasignup">
    <failure type="cucumber.runtime.CucumberException" message="java.lang.AssertionError: aktreasi is fail expected [true] but found [false]">
      <![CDATA[cucumber.runtime.CucumberException: java.lang.AssertionError: aktreasi is fail expected [true] but found [false]
	at cucumber.api.testng.TestNGCucumberRunner.runCucumber(TestNGCucumberRunner.java:69)
	at cucumber.api.testng.AbstractTestNGCucumberTests.feature(AbstractTestNGCucumberTests.java:21)
Caused by: java.lang.AssertionError: aktreasi is fail expected [true] but found [false]
	at com.cucumber.framework.stepdefinition.newtour.aktreasi.verify_the_application_not_succesffully(aktreasi.java:65)
	at âœ½.And verify the application not  succesffully.(featurefile/newtours/aktreasign.feature:9)
... Removed 27 stack frames]]>
    </failure>
  </testcase> <!-- feature -->
</testsuite> <!-- LoginRunner -->
